TN:
SF:/home/anthony/Desktop/Work/Getme/manhattan/js/manhattan_js_essentials/module/index.js
FN:7,dispatch
FN:24,ignore
FN:40,listen
FN:54,create
FN:77,closest
FN:102,many
FN:109,one
FN:125,config
FN:160,escapeRegExp
FN:171,cssSelectorSupported
FNF:10
FNH:5
FNDA:0,dispatch
FNDA:0,ignore
FNDA:0,listen
FNDA:4,create
FNDA:2,closest
FNDA:2,many
FNDA:2,one
FNDA:0,config
FNDA:1,escapeRegExp
FNDA:0,cssSelectorSupported
DA:8,0
DA:9,0
DA:10,0
DA:11,0
DA:13,0
DA:25,0
DA:26,0
DA:27,0
DA:41,0
DA:42,0
DA:43,0
DA:56,4
DA:59,4
DA:60,5
DA:61,1
DA:63,4
DA:67,4
DA:78,2
DA:79,0
DA:84,2
DA:89,2
DA:90,3
DA:91,2
DA:93,1
DA:96,2
DA:103,2
DA:110,2
DA:126,0
DA:129,0
DA:132,0
DA:133,0
DA:137,0
DA:138,0
DA:141,0
DA:142,0
DA:143,0
DA:144,0
DA:145,0
DA:147,0
DA:161,1
DA:172,0
DA:173,0
DA:175,0
DA:177,0
LF:44
LH:16
BRDA:7,0,0,0
BRDA:54,1,0,0
BRDA:60,2,0,1
BRDA:60,2,1,4
BRDA:78,3,0,0
BRDA:78,3,1,2
BRDA:84,4,0,2
BRDA:84,4,1,0
BRDA:84,4,2,0
BRDA:84,4,3,0
BRDA:90,5,0,2
BRDA:90,5,1,1
BRDA:102,6,0,1
BRDA:109,7,0,1
BRDA:125,8,0,0
BRDA:132,9,0,0
BRDA:132,9,1,0
BRDA:137,10,0,0
BRDA:137,10,1,0
BRDA:141,11,0,0
BRDA:141,11,1,0
BRDA:142,12,0,0
BRDA:142,12,1,0
BRDA:144,13,0,0
BRDA:144,13,1,0
BRF:25
BRH:8
end_of_record
