TN:
SF:/home/anthony/Desktop/Work/Getme/manhattan/js/manhattan_js_essentials/module/index.js
FN:7,dispatch
FN:24,ignore
FN:40,listen
FN:54,create
FN:77,closest
FN:102,many
FN:109,one
FN:125,config
FN:160,escapeRegExp
FN:171,cssSelectorSupported
FNF:10
FNH:10
FNDA:3,dispatch
FNDA:1,ignore
FNDA:1,listen
FNDA:9,create
FNDA:2,closest
FNDA:2,many
FNDA:2,one
FNDA:3,config
FNDA:1,escapeRegExp
FNDA:3,cssSelectorSupported
DA:8,3
DA:9,3
DA:10,3
DA:11,3
DA:13,3
DA:25,1
DA:26,1
DA:27,1
DA:41,1
DA:42,1
DA:43,1
DA:56,9
DA:59,9
DA:60,11
DA:61,1
DA:63,10
DA:67,9
DA:78,2
DA:79,0
DA:84,2
DA:89,2
DA:90,3
DA:91,2
DA:93,1
DA:96,2
DA:103,2
DA:110,2
DA:126,3
DA:129,9
DA:132,9
DA:133,4
DA:137,9
DA:138,3
DA:141,3
DA:142,3
DA:143,1
DA:144,2
DA:145,1
DA:147,1
DA:161,1
DA:172,3
DA:173,3
DA:175,2
DA:177,1
LF:44
LH:43
BRDA:7,0,0,0
BRDA:54,1,0,1
BRDA:60,2,0,1
BRDA:60,2,1,10
BRDA:78,3,0,0
BRDA:78,3,1,2
BRDA:84,4,0,2
BRDA:84,4,1,0
BRDA:84,4,2,0
BRDA:84,4,3,0
BRDA:90,5,0,2
BRDA:90,5,1,1
BRDA:102,6,0,1
BRDA:109,7,0,1
BRDA:125,8,0,3
BRDA:132,9,0,4
BRDA:132,9,1,5
BRDA:137,10,0,3
BRDA:137,10,1,6
BRDA:141,11,0,3
BRDA:141,11,1,0
BRDA:142,12,0,1
BRDA:142,12,1,2
BRDA:144,13,0,1
BRDA:144,13,1,1
BRF:25
BRH:19
end_of_record
